<?xml version="1.0" encoding="UTF-8"?>
<!-- Generated by org.testng.reporters.JUnitReportReporter -->
<testsuite hostname="DESKTOP-U1QCOVV" failures="0" tests="2" name="admin.Admin_01_Job_Titles" time="11.817" errors="0" timestamp="2024-11-18T21:12:00 ICT" skipped="0">
  <testcase classname="admin.Admin_01_Job_Titles" name="Job_Title_01_Add_New_Empty_Data" time="2.181"/>
  <testcase classname="admin.Admin_01_Job_Titles" name="Job_Title_02_Add_New_Sucess" time="9.636"/>
  <system-out>
    <![CDATA[Remove all file in ReportNG screenshot (image)
Delete success
Remove all file in Allure attachment (json file)
OS name = windows 10
Driver instance name = chromedriver: chrome on windows (96735f5db6b1d451716c12d7d19a0890)
OS name = windows 10
Driver instance name = chromedriver: chrome on windows (d4cd9255e0acc72e21b0d9bbb6269c70)
OS name = windows 10
Driver instance name = chromedriver: chrome on windows (a68e537a0a43df61a2157282a3784a33)]]>
  </system-out>
</testsuite> <!-- admin.Admin_01_Job_Titles -->
