<?xml version="1.0" encoding="UTF-8"?>
<!-- Generated by org.testng.reporters.JUnitReportReporter -->
<testsuite hostname="DESKTOP-U1QCOVV" failures="0" tests="11" name="pim.PIM_01_Employee" time="132.023" errors="0" timestamp="2024-11-17T20:11:02 ICT" skipped="0">
  <testcase classname="pim.PIM_01_Employee" name="Employee_11_Qualifications" time="6.080"/>
  <testcase classname="pim.PIM_01_Employee" name="Employee_08_Job" time="12.692"/>
  <testcase classname="pim.PIM_01_Employee" name="Employee_04_Contact_Details" time="9.380"/>
  <testcase classname="pim.PIM_01_Employee" name="Employee_02_Personal_Details" time="10.904"/>
  <testcase classname="pim.PIM_01_Employee" name="Employee_06_Dependents" time="12.636"/>
  <testcase classname="pim.PIM_01_Employee" name="Employee_03_Upload_Avatar" time="6.007"/>
  <testcase classname="pim.PIM_01_Employee" name="Employee_01_Add_New" time="10.221"/>
  <testcase classname="pim.PIM_01_Employee" name="Employee_07_Immigration" time="13.158"/>
  <testcase classname="pim.PIM_01_Employee" name="Employee_10_Report" time="22.417"/>
  <testcase classname="pim.PIM_01_Employee" name="Employee_05_Emergency_Contacts" time="10.793"/>
  <testcase classname="pim.PIM_01_Employee" name="Employee_09_Salary" time="17.735"/>
  <system-out>
    <![CDATA[Remove all file in ReportNG screenshot (image)
Delete success
Remove all file in Allure attachment (json file)
OS name = windows 10
Driver instance name = chromedriver: chrome on windows (1fe74337cdb8b79f52593a47d23c2b1f)
OS name = windows 10
Driver instance name = chromedriver: chrome on windows (4a21c2544042824685f6ab5a5d73a2f9)]]>
  </system-out>
</testsuite> <!-- pim.PIM_01_Employee -->
