<?xml version="1.0" encoding="UTF-8"?>
<!-- Generated by org.testng.reporters.JUnitReportReporter -->
<testsuite hostname="DESKTOP-U1QCOVV" failures="0" tests="2" name="admin.Admin_01_Job_Titles" time="12.680" errors="0" timestamp="2024-11-22T17:09:11 ICT" skipped="0">
  <testcase classname="admin.Admin_01_Job_Titles" name="Job_Title_01_Add_New_Empty_Data" time="2.938"/>
  <testcase classname="admin.Admin_01_Job_Titles" name="Job_Title_02_Add_New_Sucess" time="9.742"/>
  <system-out>
    <![CDATA[Remove all file in ReportNG screenshot (image)
Delete success
Remove all file in Allure attachment (json file)
OS name = windows 10
Driver instance name = chromedriver: chrome on windows (a08123e79905dd27cf195499b4a2e815)]]>
  </system-out>
</testsuite> <!-- admin.Admin_01_Job_Titles -->
